<?xml version="1.0" encoding="UTF-8"?>
<!-- Generated by org.testng.reporters.JUnitReportReporter -->
<testsuite hostname="DESKTOP-SR5DIC2" failures="0" tests="1" name="TestNg.TestingSimpleMethods" time="8.391" errors="0" timestamp="2024-03-21T11:01:15 IST" skipped="0">
  <testcase classname="TestNg.TestingSimpleMethods" name="TestGoogle" time="8.391"/>
</testsuite> <!-- TestNg.TestingSimpleMethods -->
